Arguments: 
  /usr/local/bin/node /usr/bin/yarn add bcryptjs jsonwebtoken

PATH: 
  /home/abega/.local/share/pnpm:/home/abega/.local/share/pnpm:/home/linuxbrew/.linuxbrew/bin:/home/linuxbrew/.linuxbrew/sbin:/home/abega/.local/bin:/usr/local/sbin:/usr/local/bin:/usr/sbin:/usr/bin:/sbin:/bin:/usr/games:/usr/local/games:/snap/bin

Yarn version: 
  1.22.17

Node version: 
  16.14.0

Platform: 
  linux x64

Trace: 
  Error: https://registry.yarnpkg.com/axios: ETIMEDOUT
      at Timeout._onTimeout (/usr/lib/node_modules/yarn/lib/cli.js:141543:19)
      at listOnTimeout (node:internal/timers:559:17)
      at processTimers (node:internal/timers:502:7)

npm manifest: 
  {
    "name": "nodejs-auth-project",
    "version": "1.0.0",
    "description": "Authentication Template For React and NodeJS",
    "main": "index.js",
    "engine": {
      "node": "10.16.0",
      "npm": "6.9.0"
    },
    "dependencies": {
      "axios": "^0.26.0",
      "cors": "^2.8.5",
      "dotenv": "^16.0.0",
      "express": "^4.17.3",
      "node-redis": "^0.1.7",
      "pouchdb": "^7.2.2",
      "pouchdb-authentication": "^1.1.3",
      "pouchdb-find": "^7.2.2",
      "redis": "^4.0.4",
      "redis-json": "^6.0.3"
    },
    "scripts": {
      "start": "node index.js",
      "backend": "nodemon index.js",
      "frontend": "npm run start --prefix client",
      "dev": "concurrently \"npm run backend\" \"npm run start --prefix client\""
    },
    "devDependencies": {
      "concurrently": "^7.0.0"
    }
  }

yarn manifest: 
  No manifest

Lockfile: 
  No lockfile
